<?xml version="1.0" encoding="UTF-8"?>
<testng-results ignored="0" total="1" passed="1" failed="0" skipped="0">
  <reporter-output>
  </reporter-output>
  <suite started-at="2023-11-10T16:04:57 IST" name="Default suite" finished-at="2023-11-10T16:05:01 IST" duration-ms="3583">
    <groups>
    </groups>
    <test started-at="2023-11-10T16:04:57 IST" name="Default test" finished-at="2023-11-10T16:05:01 IST" duration-ms="3583">
      <class name="restassureScripts.HamcrestMethods">
        <test-method signature="projectdemo()[pri:0, instance:restassureScripts.HamcrestMethods@342c38f8]" started-at="2023-11-10T16:04:57 IST" name="projectdemo" finished-at="2023-11-10T16:05:01 IST" duration-ms="3523" status="PASS">
          <reporter-output>
          </reporter-output>
        </test-method> <!-- projectdemo -->
      </class> <!-- restassureScripts.HamcrestMethods -->
    </test> <!-- Default test -->
  </suite> <!-- Default suite -->
</testng-results>
